{
  "RSpec": {
    "coverage": {
      "/Users/jsquires/src/drunken-octo-wight/app/helpers/application_helper.rb": [
        1,
        null
      ],
      "/Users/jsquires/src/drunken-octo-wight/app/models/cart.rb": [
        1,
        1,
        1,
        1,
        null,
        1,
        18,
        null,
        18,
        18,
        18,
        null,
        null,
        1,
        3,
        3,
        null,
        null,
        3,
        3,
        null,
        null,
        null,
        1,
        24,
        null,
        5,
        null,
        null,
        null,
        1,
        2,
        null,
        null,
        1,
        6,
        null,
        null,
        1,
        2,
        null,
        null,
        1,
        3,
        null,
        null,
        null,
        null,
        3,
        3,
        null,
        null,
        null,
        1,
        1,
        17,
        null,
        17,
        17,
        null,
        null,
        null
      ],
      "/Users/jsquires/src/drunken-octo-wight/app/models/line_item.rb": [
        1,
        null,
        1,
        1,
        1,
        null,
        1,
        null,
        1,
        24,
        24,
        null,
        null,
        1,
        6,
        6,
        null,
        null,
        1,
        69,
        null,
        null,
        1,
        19,
        null,
        19,
        19,
        null,
        null,
        1,
        10,
        null,
        null,
        1,
        1,
        6,
        4,
        null,
        null,
        null,
        null,
        1,
        1,
        0,
        null,
        null,
        1,
        0,
        null,
        null
      ],
      "/Users/jsquires/src/drunken-octo-wight/app/services/store_visit.rb": [
        null,
        1,
        1,
        1,
        0,
        0,
        0,
        null,
        null,
        1,
        0,
        null,
        null,
        null,
        1,
        0,
        null,
        null,
        1,
        0,
        null,
        null,
        1,
        0,
        null,
        null,
        1,
        null,
        null,
        null,
        1,
        1,
        0,
        null,
        null,
        1,
        0,
        null,
        null,
        null,
        1,
        1,
        2,
        null,
        null,
        1,
        2,
        null,
        null,
        null,
        1,
        1,
        1,
        null,
        null,
        1,
        1,
        null,
        null,
        null,
        1,
        1,
        0,
        null,
        null,
        1,
        null,
        null,
        null,
        null,
        1,
        1,
        1,
        null,
        null,
        1,
        1,
        null,
        null,
        null,
        1,
        1,
        1,
        null,
        null,
        1,
        1,
        null,
        null,
        null,
        1,
        1,
        7,
        null,
        null,
        1,
        7,
        null,
        null,
        null,
        1,
        1,
        1,
        null,
        null,
        1,
        1,
        1,
        1,
        null,
        null,
        null,
        1,
        1,
        2,
        null,
        null,
        1,
        2,
        null,
        null,
        null,
        1,
        1,
        1,
        null,
        null,
        1,
        1,
        null,
        1,
        1,
        null,
        null,
        null,
        1,
        1,
        3,
        null,
        null,
        1,
        3,
        null,
        null
      ],
      "/Users/jsquires/src/drunken-octo-wight/app/models/product.rb": [
        1,
        1,
        1,
        null,
        1,
        0,
        null,
        null,
        1,
        null,
        25,
        26,
        null,
        null
      ],
      "/Users/jsquires/src/drunken-octo-wight/app/models/product_price.rb": [
        1,
        1,
        1,
        null,
        1,
        80,
        null,
        null,
        1,
        58,
        null,
        58,
        58,
        null,
        null
      ],
      "/Users/jsquires/src/drunken-octo-wight/app/models/missing_currency_for_product_error.rb": [
        1,
        null
      ]
    },
    "timestamp": 1435596671
  }
}
